<?xml version="1.0" encoding="UTF-8"?>
<testng-results skipped="0" failed="0" total="6" passed="6">
  <reporter-output>
  </reporter-output>
  <suite name="Selenium_Module 4 and 5" duration-ms="81531" started-at="2017-10-31T06:23:50Z" finished-at="2017-10-31T06:25:12Z">
    <groups>
    </groups>
    <test name="VerifyLoginWithInavlidCredentials" duration-ms="20214" started-at="2017-10-31T06:23:50Z" finished-at="2017-10-31T06:24:10Z">
      <class name="testClasses.LoginPageTest">
        <test-method status="PASS" signature="openBrowser(java.lang.String)[pri:0, instance:testClasses.LoginPageTest@5c3bd550]" name="openBrowser" is-config="true" duration-ms="12046" started-at="2017-10-31T11:53:50Z" finished-at="2017-10-31T11:54:02Z">
          <params>
            <param index="0">
              <value>
                <![CDATA[firefox]]>
              </value>
            </param>
          </params>
          <reporter-output>
          </reporter-output>
        </test-method> <!-- openBrowser -->
        <test-method status="PASS" signature="loginWithInvalidInfo(java.lang.String, java.lang.String)[pri:0, instance:testClasses.LoginPageTest@5c3bd550]" name="loginWithInvalidInfo" duration-ms="7729" started-at="2017-10-31T11:54:02Z" data-provider="Invalid Login Detials" finished-at="2017-10-31T11:54:10Z">
          <params>
            <param index="0">
              <value>
                <![CDATA[Admin]]>
              </value>
            </param>
            <param index="1">
              <value>
                <![CDATA[admin001]]>
              </value>
            </param>
          </params>
          <reporter-output>
          </reporter-output>
        </test-method> <!-- loginWithInvalidInfo -->
        <test-method status="PASS" signature="closeBrowser()[pri:0, instance:testClasses.LoginPageTest@5c3bd550]" name="closeBrowser" is-config="true" duration-ms="372" started-at="2017-10-31T11:54:10Z" finished-at="2017-10-31T11:54:10Z">
          <reporter-output>
          </reporter-output>
        </test-method> <!-- closeBrowser -->
      </class> <!-- testClasses.LoginPageTest -->
    </test> <!-- VerifyLoginWithInavlidCredentials -->
    <test name="VerifyVacancyTab_IsDisplayed" duration-ms="26416" started-at="2017-10-31T06:24:11Z" finished-at="2017-10-31T06:24:37Z">
      <class name="testClasses.VacancyPageTest">
        <test-method status="PASS" signature="openBrowser(java.lang.String)[pri:0, instance:testClasses.VacancyPageTest@3fee9989]" name="openBrowser" is-config="true" duration-ms="10924" started-at="2017-10-31T11:54:11Z" finished-at="2017-10-31T11:54:22Z">
          <params>
            <param index="0">
              <value>
                <![CDATA[firefox]]>
              </value>
            </param>
          </params>
          <reporter-output>
          </reporter-output>
        </test-method> <!-- openBrowser -->
        <test-method status="PASS" signature="loginWithValidInfo(java.lang.String, java.lang.String)[pri:0, instance:testClasses.VacancyPageTest@3fee9989]" name="loginWithValidInfo" duration-ms="7400" started-at="2017-10-31T11:54:22Z" data-provider="Valid Login Detials" finished-at="2017-10-31T11:54:29Z">
          <params>
            <param index="0">
              <value>
                <![CDATA[Admin]]>
              </value>
            </param>
            <param index="1">
              <value>
                <![CDATA[admin]]>
              </value>
            </param>
          </params>
          <reporter-output>
          </reporter-output>
        </test-method> <!-- loginWithValidInfo -->
        <test-method status="PASS" signature="openVacancyTab()[pri:0, instance:testClasses.VacancyPageTest@3fee9989]" name="openVacancyTab" duration-ms="7703" started-at="2017-10-31T11:54:29Z" finished-at="2017-10-31T11:54:37Z">
          <reporter-output>
          </reporter-output>
        </test-method> <!-- openVacancyTab -->
        <test-method status="PASS" signature="closeBrowser()[pri:0, instance:testClasses.VacancyPageTest@3fee9989]" name="closeBrowser" is-config="true" duration-ms="383" started-at="2017-10-31T11:54:37Z" finished-at="2017-10-31T11:54:37Z">
          <reporter-output>
          </reporter-output>
        </test-method> <!-- closeBrowser -->
      </class> <!-- testClasses.VacancyPageTest -->
    </test> <!-- VerifyVacancyTab_IsDisplayed -->
    <test name="VerifyGeneralInfo_IsDisplayed" duration-ms="34129" started-at="2017-10-31T06:24:38Z" finished-at="2017-10-31T06:25:12Z">
      <class name="testClasses.GeneralInfoPageTest">
        <test-method status="PASS" signature="openBrowser(java.lang.String)[pri:0, instance:testClasses.GeneralInfoPageTest@5f2108b5]" name="openBrowser" is-config="true" duration-ms="11260" started-at="2017-10-31T11:54:38Z" finished-at="2017-10-31T11:54:49Z">
          <params>
            <param index="0">
              <value>
                <![CDATA[firefox]]>
              </value>
            </param>
          </params>
          <reporter-output>
          </reporter-output>
        </test-method> <!-- openBrowser -->
        <test-method status="PASS" signature="loginWithValidInfo(java.lang.String, java.lang.String)[pri:0, instance:testClasses.GeneralInfoPageTest@5f2108b5]" name="loginWithValidInfo" duration-ms="6925" started-at="2017-10-31T11:54:49Z" data-provider="Valid Login Detials" finished-at="2017-10-31T11:54:56Z">
          <params>
            <param index="0">
              <value>
                <![CDATA[Admin]]>
              </value>
            </param>
            <param index="1">
              <value>
                <![CDATA[admin]]>
              </value>
            </param>
          </params>
          <reporter-output>
          </reporter-output>
        </test-method> <!-- loginWithValidInfo -->
        <test-method status="PASS" signature="openAdminPage()[pri:0, instance:testClasses.GeneralInfoPageTest@5f2108b5]" name="openAdminPage" duration-ms="11993" started-at="2017-10-31T11:54:56Z" finished-at="2017-10-31T11:55:08Z">
          <reporter-output>
          </reporter-output>
        </test-method> <!-- openAdminPage -->
        <test-method status="PASS" signature="printGeneralInfoPageDetails()[pri:0, instance:testClasses.GeneralInfoPageTest@5f2108b5]" name="printGeneralInfoPageDetails" duration-ms="3587" started-at="2017-10-31T11:55:08Z" finished-at="2017-10-31T11:55:11Z">
          <reporter-output>
          </reporter-output>
        </test-method> <!-- printGeneralInfoPageDetails -->
        <test-method status="PASS" signature="closeBrowser()[pri:0, instance:testClasses.GeneralInfoPageTest@5f2108b5]" name="closeBrowser" is-config="true" duration-ms="355" started-at="2017-10-31T11:55:11Z" finished-at="2017-10-31T11:55:12Z">
          <reporter-output>
          </reporter-output>
        </test-method> <!-- closeBrowser -->
      </class> <!-- testClasses.GeneralInfoPageTest -->
    </test> <!-- VerifyGeneralInfo_IsDisplayed -->
  </suite> <!-- Selenium_Module 4 and 5 -->
</testng-results>
