<?xml version="1.0" encoding="UTF-8"?>
<!-- Generated by org.testng.reporters.JUnitXMLReporter -->
<testsuite hostname="SILICUS253" name="VerifyGeneralInfo_IsDisplayed" tests="2" failures="0" timestamp="27 Oct 2017 12:54:50 GMT" time="26.769" errors="0">
  <testcase name="loginWithValidInfo" time="6.671" classname="testClasses.GeneralInfoPageTest"/>
  <testcase name="openAdminPage" time="10.824" classname="testClasses.GeneralInfoPageTest"/>
</testsuite> <!-- VerifyGeneralInfo_IsDisplayed -->
