<?xml version="1.0" encoding="UTF-8"?>
<!-- Generated by org.testng.reporters.JUnitXMLReporter -->
<testsuite hostname="SILICUS253" name="VerifyGeneralInfo_IsDisplayed" tests="3" failures="0" timestamp="31 Oct 2017 06:25:12 GMT" time="34.129" errors="0">
  <testcase name="loginWithValidInfo" time="6.925" classname="testClasses.GeneralInfoPageTest"/>
  <testcase name="openAdminPage" time="11.993" classname="testClasses.GeneralInfoPageTest"/>
  <testcase name="printGeneralInfoPageDetails" time="3.587" classname="testClasses.GeneralInfoPageTest"/>
</testsuite> <!-- VerifyGeneralInfo_IsDisplayed -->
